<?xml version="1.0" encoding="UTF-8"?>
<testsuite name="com.teamtreehouse.testingbase.ExampleUnitTest" tests="1" skipped="0" failures="0" errors="0" timestamp="2017-07-31T12:42:18" hostname="ADCs-MBP.icehousecorp.local" time="0.0">
  <properties/>
  <testcase name="addition_isCorrect" classname="com.teamtreehouse.testingbase.ExampleUnitTest" time="0.0"/>
  <system-out><![CDATA[]]></system-out>
  <system-err><![CDATA[]]></system-err>
</testsuite>
